<?xml version="1.0" encoding="UTF-8"?>
<!-- Generated by org.testng.reporters.JUnitReportReporter -->
<testsuite hostname="DESKTOP-IHTO98L" failures="0" tests="2" name="com.mystore.testcases.IndexPageTest" time="19.927" errors="0" timestamp="2024-06-29T14:51:39 IST" skipped="0">
  <testcase classname="com.mystore.testcases.IndexPageTest" name="verifyLogo" time="10.240"/>
  <system-out/>
  <testcase classname="com.mystore.testcases.IndexPageTest" name="verifyTitle" time="9.687"/>
  <system-out/>
</testsuite> <!-- com.mystore.testcases.IndexPageTest -->
