<?xml version="1.0" encoding="UTF-8"?>
<!-- Generated by org.testng.reporters.JUnitReportReporter -->
<testsuite hostname="DESKTOP-IHTO98L" failures="0" tests="4" name="com.mystore.testcases.AccountCreationPageTest" time="329.983" errors="0" timestamp="2024-06-28T14:53:36 IST" skipped="0">
  <testcase classname="com.mystore.testcases.AccountCreationPageTest" name="createAccountTest" time="100.822"/>
  <system-out/>
  <testcase classname="com.mystore.testcases.AccountCreationPageTest" name="createAccountTest" time="98.805"/>
  <system-out/>
  <testcase classname="com.mystore.testcases.AccountCreationPageTest" name="createAccountTest" time="110.725"/>
  <system-out/>
  <testcase classname="com.mystore.testcases.AccountCreationPageTest" name="verifyCreateAccountPageTest" time="19.631"/>
  <system-out/>
</testsuite> <!-- com.mystore.testcases.AccountCreationPageTest -->
