<?xml version="1.0" encoding="UTF-8"?>
<!-- Generated by org.testng.reporters.JUnitReportReporter -->
<testsuite hostname="DESKTOP-IHTO98L" failures="0" tests="1" name="com.mystore.testcases.AddToCartPageTest" time="44.732" errors="0" timestamp="2024-06-29T14:51:39 IST" skipped="0">
  <testcase classname="com.mystore.testcases.AddToCartPageTest" name="addToCartTest" time="44.732"/>
  <system-out/>
</testsuite> <!-- com.mystore.testcases.AddToCartPageTest -->
